CRITICAL - 2021-06-01 22:27:26 --> CodeIgniter\View\View::main(): Failed opening required 'Careerjet_API.php' (include_path='C:\xampp\php\PEAR')
#0 [internal function]: CodeIgniter\Debug\Exceptions->shutdownHandler()
#1 {main}
CRITICAL - 2021-06-01 22:27:28 --> CodeIgniter\View\View::main(): Failed opening required 'Careerjet_API.php' (include_path='C:\xampp\php\PEAR')
#0 [internal function]: CodeIgniter\Debug\Exceptions->shutdownHandler()
#1 {main}
CRITICAL - 2021-06-01 22:28:20 --> CodeIgniter\View\View::main(): Failed opening required '&lt;?=base_url()?&gt;/Careerjet_API.php' (include_path='C:\xampp\php\PEAR')
#0 [internal function]: CodeIgniter\Debug\Exceptions->shutdownHandler()
#1 {main}
CRITICAL - 2021-06-01 22:28:54 --> Invalid argument supplied for foreach()
#0 C:\xampp\htdocs\jobsearch\app\Views\welcome_message.php(74): CodeIgniter\Debug\Exceptions->errorHandler(2, 'Invalid argumen...', 'C:\\xampp\\htdocs...', 74, Array)
#1 C:\xampp\htdocs\jobsearch\vendor\codeigniter4\framework\system\View\View.php(230): include('C:\\xampp\\htdocs...')
#2 C:\xampp\htdocs\jobsearch\vendor\codeigniter4\framework\system\View\View.php(232): CodeIgniter\View\View->CodeIgniter\View\{closure}()
#3 C:\xampp\htdocs\jobsearch\vendor\codeigniter4\framework\system\Common.php(1250): CodeIgniter\View\View->render('welcome_message', Array, true)
#4 C:\xampp\htdocs\jobsearch\app\Controllers\Home.php(9): view('welcome_message')
#5 C:\xampp\htdocs\jobsearch\vendor\codeigniter4\framework\system\CodeIgniter.php(931): App\Controllers\Home->index()
#6 C:\xampp\htdocs\jobsearch\vendor\codeigniter4\framework\system\CodeIgniter.php(439): CodeIgniter\CodeIgniter->runController(Object(App\Controllers\Home))
#7 C:\xampp\htdocs\jobsearch\vendor\codeigniter4\framework\system\CodeIgniter.php(339): CodeIgniter\CodeIgniter->handleRequest(NULL, Object(Config\Cache), false)
#8 C:\xampp\htdocs\jobsearch\public\index.php(36): CodeIgniter\CodeIgniter->run()
#9 C:\xampp\htdocs\jobsearch\vendor\codeigniter4\framework\system\Commands\Server\rewrite.php(45): require_once('C:\\xampp\\htdocs...')
#10 {main}
CRITICAL - 2021-06-01 22:28:58 --> Invalid argument supplied for foreach()
#0 C:\xampp\htdocs\jobsearch\app\Views\welcome_message.php(74): CodeIgniter\Debug\Exceptions->errorHandler(2, 'Invalid argumen...', 'C:\\xampp\\htdocs...', 74, Array)
#1 C:\xampp\htdocs\jobsearch\vendor\codeigniter4\framework\system\View\View.php(230): include('C:\\xampp\\htdocs...')
#2 C:\xampp\htdocs\jobsearch\vendor\codeigniter4\framework\system\View\View.php(232): CodeIgniter\View\View->CodeIgniter\View\{closure}()
#3 C:\xampp\htdocs\jobsearch\vendor\codeigniter4\framework\system\Common.php(1250): CodeIgniter\View\View->render('welcome_message', Array, true)
#4 C:\xampp\htdocs\jobsearch\app\Controllers\Home.php(9): view('welcome_message')
#5 C:\xampp\htdocs\jobsearch\vendor\codeigniter4\framework\system\CodeIgniter.php(931): App\Controllers\Home->index()
#6 C:\xampp\htdocs\jobsearch\vendor\codeigniter4\framework\system\CodeIgniter.php(439): CodeIgniter\CodeIgniter->runController(Object(App\Controllers\Home))
#7 C:\xampp\htdocs\jobsearch\vendor\codeigniter4\framework\system\CodeIgniter.php(339): CodeIgniter\CodeIgniter->handleRequest(NULL, Object(Config\Cache), false)
#8 C:\xampp\htdocs\jobsearch\public\index.php(36): CodeIgniter\CodeIgniter->run()
#9 C:\xampp\htdocs\jobsearch\vendor\codeigniter4\framework\system\Commands\Server\rewrite.php(45): require_once('C:\\xampp\\htdocs...')
#10 {main}
CRITICAL - 2021-06-01 22:29:42 --> Undefined variable: jobs
#0 C:\xampp\htdocs\jobsearch\app\Views\welcome_message.php(74): CodeIgniter\Debug\Exceptions->errorHandler(8, 'Undefined varia...', 'C:\\xampp\\htdocs...', 74, Array)
#1 C:\xampp\htdocs\jobsearch\vendor\codeigniter4\framework\system\View\View.php(230): include('C:\\xampp\\htdocs...')
#2 C:\xampp\htdocs\jobsearch\vendor\codeigniter4\framework\system\View\View.php(232): CodeIgniter\View\View->CodeIgniter\View\{closure}()
#3 C:\xampp\htdocs\jobsearch\vendor\codeigniter4\framework\system\Common.php(1250): CodeIgniter\View\View->render('welcome_message', Array, true)
#4 C:\xampp\htdocs\jobsearch\app\Controllers\Home.php(9): view('welcome_message')
#5 C:\xampp\htdocs\jobsearch\vendor\codeigniter4\framework\system\CodeIgniter.php(931): App\Controllers\Home->index()
#6 C:\xampp\htdocs\jobsearch\vendor\codeigniter4\framework\system\CodeIgniter.php(439): CodeIgniter\CodeIgniter->runController(Object(App\Controllers\Home))
#7 C:\xampp\htdocs\jobsearch\vendor\codeigniter4\framework\system\CodeIgniter.php(339): CodeIgniter\CodeIgniter->handleRequest(NULL, Object(Config\Cache), false)
#8 C:\xampp\htdocs\jobsearch\public\index.php(36): CodeIgniter\CodeIgniter->run()
#9 C:\xampp\htdocs\jobsearch\vendor\codeigniter4\framework\system\Commands\Server\rewrite.php(45): require_once('C:\\xampp\\htdocs...')
#10 {main}
CRITICAL - 2021-06-01 22:41:44 --> Class 'Careerjet_API' not found
#0 C:\xampp\htdocs\jobsearch\vendor\codeigniter4\framework\system\CodeIgniter.php(903): App\Controllers\Home->__construct()
#1 C:\xampp\htdocs\jobsearch\vendor\codeigniter4\framework\system\CodeIgniter.php(429): CodeIgniter\CodeIgniter->createController()
#2 C:\xampp\htdocs\jobsearch\vendor\codeigniter4\framework\system\CodeIgniter.php(339): CodeIgniter\CodeIgniter->handleRequest(NULL, Object(Config\Cache), false)
#3 C:\xampp\htdocs\jobsearch\public\index.php(36): CodeIgniter\CodeIgniter->run()
#4 C:\xampp\htdocs\jobsearch\vendor\codeigniter4\framework\system\Commands\Server\rewrite.php(45): require_once('C:\\xampp\\htdocs...')
#5 {main}
CRITICAL - 2021-06-01 22:51:02 --> App\Controllers\Home::index(): Failed opening required 'C:\xampp\htdocs\jobsearch\app\ThirdParty/Careerjet_API' (include_path='C:\xampp\php\PEAR')
#0 [internal function]: CodeIgniter\Debug\Exceptions->shutdownHandler()
#1 {main}
CRITICAL - 2021-06-01 23:00:18 --> Call to undefined function base_url()
#0 C:\xampp\htdocs\jobsearch\vendor\codeigniter4\framework\system\View\View.php(230): include()
#1 C:\xampp\htdocs\jobsearch\vendor\codeigniter4\framework\system\View\View.php(232): CodeIgniter\View\View->CodeIgniter\View\{closure}()
#2 C:\xampp\htdocs\jobsearch\vendor\codeigniter4\framework\system\Common.php(1250): CodeIgniter\View\View->render('welcome_message', Array, true)
#3 C:\xampp\htdocs\jobsearch\app\Controllers\Home.php(22): view('welcome_message', Array)
#4 C:\xampp\htdocs\jobsearch\vendor\codeigniter4\framework\system\CodeIgniter.php(931): App\Controllers\Home->index()
#5 C:\xampp\htdocs\jobsearch\vendor\codeigniter4\framework\system\CodeIgniter.php(439): CodeIgniter\CodeIgniter->runController(Object(App\Controllers\Home))
#6 C:\xampp\htdocs\jobsearch\vendor\codeigniter4\framework\system\CodeIgniter.php(339): CodeIgniter\CodeIgniter->handleRequest(NULL, Object(Config\Cache), false)
#7 C:\xampp\htdocs\jobsearch\public\index.php(36): CodeIgniter\CodeIgniter->run()
#8 C:\xampp\htdocs\jobsearch\vendor\codeigniter4\framework\system\Commands\Server\rewrite.php(45): require_once('C:\\xampp\\htdocs...')
#9 {main}
CRITICAL - 2021-06-01 23:01:11 --> Call to undefined function base_url()
#0 C:\xampp\htdocs\jobsearch\vendor\codeigniter4\framework\system\View\View.php(230): include()
#1 C:\xampp\htdocs\jobsearch\vendor\codeigniter4\framework\system\View\View.php(232): CodeIgniter\View\View->CodeIgniter\View\{closure}()
#2 C:\xampp\htdocs\jobsearch\vendor\codeigniter4\framework\system\Common.php(1250): CodeIgniter\View\View->render('welcome_message', Array, true)
#3 C:\xampp\htdocs\jobsearch\app\Controllers\Home.php(22): view('welcome_message', Array)
#4 C:\xampp\htdocs\jobsearch\vendor\codeigniter4\framework\system\CodeIgniter.php(931): App\Controllers\Home->index()
#5 C:\xampp\htdocs\jobsearch\vendor\codeigniter4\framework\system\CodeIgniter.php(439): CodeIgniter\CodeIgniter->runController(Object(App\Controllers\Home))
#6 C:\xampp\htdocs\jobsearch\vendor\codeigniter4\framework\system\CodeIgniter.php(339): CodeIgniter\CodeIgniter->handleRequest(NULL, Object(Config\Cache), false)
#7 C:\xampp\htdocs\jobsearch\public\index.php(36): CodeIgniter\CodeIgniter->run()
#8 C:\xampp\htdocs\jobsearch\vendor\codeigniter4\framework\system\Commands\Server\rewrite.php(45): require_once('C:\\xampp\\htdocs...')
#9 {main}
CRITICAL - 2021-06-01 23:02:00 --> Call to undefined function base_url()
#0 C:\xampp\htdocs\jobsearch\vendor\codeigniter4\framework\system\View\View.php(230): include()
#1 C:\xampp\htdocs\jobsearch\vendor\codeigniter4\framework\system\View\View.php(232): CodeIgniter\View\View->CodeIgniter\View\{closure}()
#2 C:\xampp\htdocs\jobsearch\vendor\codeigniter4\framework\system\Common.php(1250): CodeIgniter\View\View->render('welcome_message', Array, true)
#3 C:\xampp\htdocs\jobsearch\app\Controllers\Home.php(22): view('welcome_message', Array)
#4 C:\xampp\htdocs\jobsearch\vendor\codeigniter4\framework\system\CodeIgniter.php(931): App\Controllers\Home->index()
#5 C:\xampp\htdocs\jobsearch\vendor\codeigniter4\framework\system\CodeIgniter.php(439): CodeIgniter\CodeIgniter->runController(Object(App\Controllers\Home))
#6 C:\xampp\htdocs\jobsearch\vendor\codeigniter4\framework\system\CodeIgniter.php(339): CodeIgniter\CodeIgniter->handleRequest(NULL, Object(Config\Cache), false)
#7 C:\xampp\htdocs\jobsearch\public\index.php(36): CodeIgniter\CodeIgniter->run()
#8 C:\xampp\htdocs\jobsearch\vendor\codeigniter4\framework\system\Commands\Server\rewrite.php(45): require_once('C:\\xampp\\htdocs...')
#9 {main}
CRITICAL - 2021-06-01 23:02:20 --> Call to undefined function base_url()
#0 C:\xampp\htdocs\jobsearch\vendor\codeigniter4\framework\system\View\View.php(230): include()
#1 C:\xampp\htdocs\jobsearch\vendor\codeigniter4\framework\system\View\View.php(232): CodeIgniter\View\View->CodeIgniter\View\{closure}()
#2 C:\xampp\htdocs\jobsearch\vendor\codeigniter4\framework\system\Common.php(1250): CodeIgniter\View\View->render('welcome_message', Array, true)
#3 C:\xampp\htdocs\jobsearch\app\Controllers\Home.php(22): view('welcome_message', Array)
#4 C:\xampp\htdocs\jobsearch\vendor\codeigniter4\framework\system\CodeIgniter.php(931): App\Controllers\Home->index()
#5 C:\xampp\htdocs\jobsearch\vendor\codeigniter4\framework\system\CodeIgniter.php(439): CodeIgniter\CodeIgniter->runController(Object(App\Controllers\Home))
#6 C:\xampp\htdocs\jobsearch\vendor\codeigniter4\framework\system\CodeIgniter.php(339): CodeIgniter\CodeIgniter->handleRequest(NULL, Object(Config\Cache), false)
#7 C:\xampp\htdocs\jobsearch\public\index.php(36): CodeIgniter\CodeIgniter->run()
#8 C:\xampp\htdocs\jobsearch\vendor\codeigniter4\framework\system\Commands\Server\rewrite.php(45): require_once('C:\\xampp\\htdocs...')
#9 {main}
CRITICAL - 2021-06-01 23:02:40 --> Undefined variable: jobs
#0 C:\xampp\htdocs\jobsearch\app\Views\welcome_message.php(74): CodeIgniter\Debug\Exceptions->errorHandler(8, 'Undefined varia...', 'C:\\xampp\\htdocs...', 74, Array)
#1 C:\xampp\htdocs\jobsearch\vendor\codeigniter4\framework\system\View\View.php(230): include('C:\\xampp\\htdocs...')
#2 C:\xampp\htdocs\jobsearch\vendor\codeigniter4\framework\system\View\View.php(232): CodeIgniter\View\View->CodeIgniter\View\{closure}()
#3 C:\xampp\htdocs\jobsearch\vendor\codeigniter4\framework\system\Common.php(1250): CodeIgniter\View\View->render('welcome_message', Array, true)
#4 C:\xampp\htdocs\jobsearch\app\Controllers\Home.php(22): view('welcome_message', Array)
#5 C:\xampp\htdocs\jobsearch\vendor\codeigniter4\framework\system\CodeIgniter.php(931): App\Controllers\Home->index()
#6 C:\xampp\htdocs\jobsearch\vendor\codeigniter4\framework\system\CodeIgniter.php(439): CodeIgniter\CodeIgniter->runController(Object(App\Controllers\Home))
#7 C:\xampp\htdocs\jobsearch\vendor\codeigniter4\framework\system\CodeIgniter.php(339): CodeIgniter\CodeIgniter->handleRequest(NULL, Object(Config\Cache), false)
#8 C:\xampp\htdocs\jobsearch\public\index.php(36): CodeIgniter\CodeIgniter->run()
#9 C:\xampp\htdocs\jobsearch\vendor\codeigniter4\framework\system\Commands\Server\rewrite.php(45): require_once('C:\\xampp\\htdocs...')
#10 {main}
CRITICAL - 2021-06-01 23:04:47 --> Call to a member function search() on null
#0 C:\xampp\htdocs\jobsearch\vendor\codeigniter4\framework\system\CodeIgniter.php(931): App\Controllers\Home->index()
#1 C:\xampp\htdocs\jobsearch\vendor\codeigniter4\framework\system\CodeIgniter.php(439): CodeIgniter\CodeIgniter->runController(Object(App\Controllers\Home))
#2 C:\xampp\htdocs\jobsearch\vendor\codeigniter4\framework\system\CodeIgniter.php(339): CodeIgniter\CodeIgniter->handleRequest(NULL, Object(Config\Cache), false)
#3 C:\xampp\htdocs\jobsearch\public\index.php(36): CodeIgniter\CodeIgniter->run()
#4 C:\xampp\htdocs\jobsearch\vendor\codeigniter4\framework\system\Commands\Server\rewrite.php(45): require_once('C:\\xampp\\htdocs...')
#5 {main}
CRITICAL - 2021-06-01 23:06:07 --> file_get_contents(): php_network_getaddresses: getaddrinfo failed: No such host is known. 
#0 [internal function]: CodeIgniter\Debug\Exceptions->errorHandler(2, 'file_get_conten...', 'C:\\xampp\\htdocs...', 228, Array)
#1 C:\xampp\htdocs\jobsearch\app\Libraries\Careerjet_API.php(228): file_get_contents('http://public.a...', false, Resource id #120)
#2 C:\xampp\htdocs\jobsearch\app\Libraries\Careerjet_API.php(346): App\Libraries\Careerjet_API->call('search', Array)
#3 C:\xampp\htdocs\jobsearch\app\Controllers\Home.php(23): App\Libraries\Careerjet_API->search(Array)
#4 C:\xampp\htdocs\jobsearch\vendor\codeigniter4\framework\system\CodeIgniter.php(931): App\Controllers\Home->index()
#5 C:\xampp\htdocs\jobsearch\vendor\codeigniter4\framework\system\CodeIgniter.php(439): CodeIgniter\CodeIgniter->runController(Object(App\Controllers\Home))
#6 C:\xampp\htdocs\jobsearch\vendor\codeigniter4\framework\system\CodeIgniter.php(339): CodeIgniter\CodeIgniter->handleRequest(NULL, Object(Config\Cache), false)
#7 C:\xampp\htdocs\jobsearch\public\index.php(36): CodeIgniter\CodeIgniter->run()
#8 C:\xampp\htdocs\jobsearch\vendor\codeigniter4\framework\system\Commands\Server\rewrite.php(45): require_once('C:\\xampp\\htdocs...')
#9 {main}
CRITICAL - 2021-06-01 23:07:24 --> file_get_contents(): php_network_getaddresses: getaddrinfo failed: No such host is known. 
#0 [internal function]: CodeIgniter\Debug\Exceptions->errorHandler(2, 'file_get_conten...', 'C:\\xampp\\htdocs...', 228, Array)
#1 C:\xampp\htdocs\jobsearch\app\Libraries\Careerjet_API.php(228): file_get_contents('http://public.a...', false, Resource id #120)
#2 C:\xampp\htdocs\jobsearch\app\Libraries\Careerjet_API.php(346): App\Libraries\Careerjet_API->call('search', Array)
#3 C:\xampp\htdocs\jobsearch\app\Controllers\Home.php(23): App\Libraries\Careerjet_API->search(Array)
#4 C:\xampp\htdocs\jobsearch\vendor\codeigniter4\framework\system\CodeIgniter.php(931): App\Controllers\Home->index()
#5 C:\xampp\htdocs\jobsearch\vendor\codeigniter4\framework\system\CodeIgniter.php(439): CodeIgniter\CodeIgniter->runController(Object(App\Controllers\Home))
#6 C:\xampp\htdocs\jobsearch\vendor\codeigniter4\framework\system\CodeIgniter.php(339): CodeIgniter\CodeIgniter->handleRequest(NULL, Object(Config\Cache), false)
#7 C:\xampp\htdocs\jobsearch\public\index.php(36): CodeIgniter\CodeIgniter->run()
#8 C:\xampp\htdocs\jobsearch\vendor\codeigniter4\framework\system\Commands\Server\rewrite.php(45): require_once('C:\\xampp\\htdocs...')
#9 {main}
CRITICAL - 2021-06-01 23:09:25 --> file_get_contents(): php_network_getaddresses: getaddrinfo failed: No such host is known. 
#0 [internal function]: CodeIgniter\Debug\Exceptions->errorHandler(2, 'file_get_conten...', 'C:\\xampp\\htdocs...', 228, Array)
#1 C:\xampp\htdocs\jobsearch\app\Libraries\Careerjet_API.php(228): file_get_contents('http://public.a...', false, Resource id #120)
#2 C:\xampp\htdocs\jobsearch\app\Libraries\Careerjet_API.php(346): App\Libraries\Careerjet_API->call('search', Array)
#3 C:\xampp\htdocs\jobsearch\app\Controllers\Home.php(23): App\Libraries\Careerjet_API->search(Array)
#4 C:\xampp\htdocs\jobsearch\vendor\codeigniter4\framework\system\CodeIgniter.php(931): App\Controllers\Home->index()
#5 C:\xampp\htdocs\jobsearch\vendor\codeigniter4\framework\system\CodeIgniter.php(439): CodeIgniter\CodeIgniter->runController(Object(App\Controllers\Home))
#6 C:\xampp\htdocs\jobsearch\vendor\codeigniter4\framework\system\CodeIgniter.php(339): CodeIgniter\CodeIgniter->handleRequest(NULL, Object(Config\Cache), false)
#7 C:\xampp\htdocs\jobsearch\public\index.php(36): CodeIgniter\CodeIgniter->run()
#8 C:\xampp\htdocs\jobsearch\vendor\codeigniter4\framework\system\Commands\Server\rewrite.php(45): require_once('C:\\xampp\\htdocs...')
#9 {main}
CRITICAL - 2021-06-01 23:10:51 --> file_get_contents(): php_network_getaddresses: getaddrinfo failed: No such host is known. 
#0 [internal function]: CodeIgniter\Debug\Exceptions->errorHandler(2, 'file_get_conten...', 'C:\\xampp\\htdocs...', 228, Array)
#1 C:\xampp\htdocs\jobsearch\app\Libraries\Careerjet_API.php(228): file_get_contents('http://public.a...', false, Resource id #120)
#2 C:\xampp\htdocs\jobsearch\app\Libraries\Careerjet_API.php(346): App\Libraries\Careerjet_API->call('search', Array)
#3 C:\xampp\htdocs\jobsearch\app\Controllers\Home.php(23): App\Libraries\Careerjet_API->search(Array)
#4 C:\xampp\htdocs\jobsearch\vendor\codeigniter4\framework\system\CodeIgniter.php(931): App\Controllers\Home->index()
#5 C:\xampp\htdocs\jobsearch\vendor\codeigniter4\framework\system\CodeIgniter.php(439): CodeIgniter\CodeIgniter->runController(Object(App\Controllers\Home))
#6 C:\xampp\htdocs\jobsearch\vendor\codeigniter4\framework\system\CodeIgniter.php(339): CodeIgniter\CodeIgniter->handleRequest(NULL, Object(Config\Cache), false)
#7 C:\xampp\htdocs\jobsearch\public\index.php(36): CodeIgniter\CodeIgniter->run()
#8 C:\xampp\htdocs\jobsearch\vendor\codeigniter4\framework\system\Commands\Server\rewrite.php(45): require_once('C:\\xampp\\htdocs...')
#9 {main}
CRITICAL - 2021-06-01 23:39:18 --> file_get_contents(): php_network_getaddresses: getaddrinfo failed: No such host is known. 
#0 [internal function]: CodeIgniter\Debug\Exceptions->errorHandler(2, 'file_get_conten...', 'C:\\xampp\\htdocs...', 228, Array)
#1 C:\xampp\htdocs\jobsearch\app\Libraries\Careerjet_API.php(228): file_get_contents('http://public.a...', false, Resource id #120)
#2 C:\xampp\htdocs\jobsearch\app\Libraries\Careerjet_API.php(346): App\Libraries\Careerjet_API->call('search', Array)
#3 C:\xampp\htdocs\jobsearch\app\Controllers\Home.php(23): App\Libraries\Careerjet_API->search(Array)
#4 C:\xampp\htdocs\jobsearch\vendor\codeigniter4\framework\system\CodeIgniter.php(931): App\Controllers\Home->index()
#5 C:\xampp\htdocs\jobsearch\vendor\codeigniter4\framework\system\CodeIgniter.php(439): CodeIgniter\CodeIgniter->runController(Object(App\Controllers\Home))
#6 C:\xampp\htdocs\jobsearch\vendor\codeigniter4\framework\system\CodeIgniter.php(339): CodeIgniter\CodeIgniter->handleRequest(NULL, Object(Config\Cache), false)
#7 C:\xampp\htdocs\jobsearch\public\index.php(36): CodeIgniter\CodeIgniter->run()
#8 C:\xampp\htdocs\jobsearch\vendor\codeigniter4\framework\system\Commands\Server\rewrite.php(45): require_once('C:\\xampp\\htdocs...')
#9 {main}
CRITICAL - 2021-06-01 23:41:06 --> Call to undefined function base_url()
#0 C:\xampp\htdocs\jobsearch\vendor\codeigniter4\framework\system\View\View.php(230): include()
#1 C:\xampp\htdocs\jobsearch\vendor\codeigniter4\framework\system\View\View.php(232): CodeIgniter\View\View->CodeIgniter\View\{closure}()
#2 C:\xampp\htdocs\jobsearch\vendor\codeigniter4\framework\system\Common.php(1250): CodeIgniter\View\View->render('welcome_message', Array, true)
#3 C:\xampp\htdocs\jobsearch\app\Controllers\Home.php(56): view('welcome_message', Array)
#4 C:\xampp\htdocs\jobsearch\vendor\codeigniter4\framework\system\CodeIgniter.php(931): App\Controllers\Home->index()
#5 C:\xampp\htdocs\jobsearch\vendor\codeigniter4\framework\system\CodeIgniter.php(439): CodeIgniter\CodeIgniter->runController(Object(App\Controllers\Home))
#6 C:\xampp\htdocs\jobsearch\vendor\codeigniter4\framework\system\CodeIgniter.php(339): CodeIgniter\CodeIgniter->handleRequest(NULL, Object(Config\Cache), false)
#7 C:\xampp\htdocs\jobsearch\public\index.php(36): CodeIgniter\CodeIgniter->run()
#8 C:\xampp\htdocs\jobsearch\vendor\codeigniter4\framework\system\Commands\Server\rewrite.php(45): require_once('C:\\xampp\\htdocs...')
#9 {main}
CRITICAL - 2021-06-01 23:41:59 --> Call to undefined function base_url()
#0 C:\xampp\htdocs\jobsearch\vendor\codeigniter4\framework\system\View\View.php(230): include()
#1 C:\xampp\htdocs\jobsearch\vendor\codeigniter4\framework\system\View\View.php(232): CodeIgniter\View\View->CodeIgniter\View\{closure}()
#2 C:\xampp\htdocs\jobsearch\vendor\codeigniter4\framework\system\Common.php(1250): CodeIgniter\View\View->render('welcome_message', Array, true)
#3 C:\xampp\htdocs\jobsearch\app\Controllers\Home.php(56): view('welcome_message', Array)
#4 C:\xampp\htdocs\jobsearch\vendor\codeigniter4\framework\system\CodeIgniter.php(931): App\Controllers\Home->index()
#5 C:\xampp\htdocs\jobsearch\vendor\codeigniter4\framework\system\CodeIgniter.php(439): CodeIgniter\CodeIgniter->runController(Object(App\Controllers\Home))
#6 C:\xampp\htdocs\jobsearch\vendor\codeigniter4\framework\system\CodeIgniter.php(339): CodeIgniter\CodeIgniter->handleRequest(NULL, Object(Config\Cache), false)
#7 C:\xampp\htdocs\jobsearch\public\index.php(36): CodeIgniter\CodeIgniter->run()
#8 C:\xampp\htdocs\jobsearch\vendor\codeigniter4\framework\system\Commands\Server\rewrite.php(45): require_once('C:\\xampp\\htdocs...')
#9 {main}
CRITICAL - 2021-06-01 23:42:16 --> Call to undefined function base_url()
#0 C:\xampp\htdocs\jobsearch\vendor\codeigniter4\framework\system\View\View.php(230): include()
#1 C:\xampp\htdocs\jobsearch\vendor\codeigniter4\framework\system\View\View.php(232): CodeIgniter\View\View->CodeIgniter\View\{closure}()
#2 C:\xampp\htdocs\jobsearch\vendor\codeigniter4\framework\system\Common.php(1250): CodeIgniter\View\View->render('welcome_message', Array, true)
#3 C:\xampp\htdocs\jobsearch\app\Controllers\Home.php(56): view('welcome_message', Array)
#4 C:\xampp\htdocs\jobsearch\vendor\codeigniter4\framework\system\CodeIgniter.php(931): App\Controllers\Home->index()
#5 C:\xampp\htdocs\jobsearch\vendor\codeigniter4\framework\system\CodeIgniter.php(439): CodeIgniter\CodeIgniter->runController(Object(App\Controllers\Home))
#6 C:\xampp\htdocs\jobsearch\vendor\codeigniter4\framework\system\CodeIgniter.php(339): CodeIgniter\CodeIgniter->handleRequest(NULL, Object(Config\Cache), false)
#7 C:\xampp\htdocs\jobsearch\public\index.php(36): CodeIgniter\CodeIgniter->run()
#8 C:\xampp\htdocs\jobsearch\vendor\codeigniter4\framework\system\Commands\Server\rewrite.php(45): require_once('C:\\xampp\\htdocs...')
#9 {main}
CRITICAL - 2021-06-01 23:42:36 --> Call to undefined function base_url()
#0 C:\xampp\htdocs\jobsearch\vendor\codeigniter4\framework\system\View\View.php(230): include()
#1 C:\xampp\htdocs\jobsearch\vendor\codeigniter4\framework\system\View\View.php(232): CodeIgniter\View\View->CodeIgniter\View\{closure}()
#2 C:\xampp\htdocs\jobsearch\vendor\codeigniter4\framework\system\Common.php(1250): CodeIgniter\View\View->render('welcome_message', Array, true)
#3 C:\xampp\htdocs\jobsearch\app\Controllers\Home.php(56): view('welcome_message', Array)
#4 C:\xampp\htdocs\jobsearch\vendor\codeigniter4\framework\system\CodeIgniter.php(931): App\Controllers\Home->index()
#5 C:\xampp\htdocs\jobsearch\vendor\codeigniter4\framework\system\CodeIgniter.php(439): CodeIgniter\CodeIgniter->runController(Object(App\Controllers\Home))
#6 C:\xampp\htdocs\jobsearch\vendor\codeigniter4\framework\system\CodeIgniter.php(339): CodeIgniter\CodeIgniter->handleRequest(NULL, Object(Config\Cache), false)
#7 C:\xampp\htdocs\jobsearch\public\index.php(36): CodeIgniter\CodeIgniter->run()
#8 C:\xampp\htdocs\jobsearch\vendor\codeigniter4\framework\system\Commands\Server\rewrite.php(45): require_once('C:\\xampp\\htdocs...')
#9 {main}
CRITICAL - 2021-06-01 23:45:01 --> Call to undefined function CodeIgniter\Debug\current_url()
#0 C:\xampp\htdocs\jobsearch\vendor\codeigniter4\framework\system\Debug\Toolbar.php(346): CodeIgniter\Debug\Toolbar->run(1622609100.8156, 0.8578, Object(CodeIgniter\HTTP\IncomingRequest), Object(CodeIgniter\HTTP\Response))
#1 C:\xampp\htdocs\jobsearch\vendor\codeigniter4\framework\system\Filters\DebugToolbar.php(51): CodeIgniter\Debug\Toolbar->prepare(Object(CodeIgniter\HTTP\IncomingRequest), Object(CodeIgniter\HTTP\Response))
#2 C:\xampp\htdocs\jobsearch\vendor\codeigniter4\framework\system\Filters\Filters.php(207): CodeIgniter\Filters\DebugToolbar->after(Object(CodeIgniter\HTTP\IncomingRequest), Object(CodeIgniter\HTTP\Response), NULL)
#3 C:\xampp\htdocs\jobsearch\vendor\codeigniter4\framework\system\CodeIgniter.php(457): CodeIgniter\Filters\Filters->run('/', 'after')
#4 C:\xampp\htdocs\jobsearch\vendor\codeigniter4\framework\system\CodeIgniter.php(339): CodeIgniter\CodeIgniter->handleRequest(NULL, Object(Config\Cache), false)
#5 C:\xampp\htdocs\jobsearch\public\index.php(36): CodeIgniter\CodeIgniter->run()
#6 C:\xampp\htdocs\jobsearch\vendor\codeigniter4\framework\system\Commands\Server\rewrite.php(45): require_once('C:\\xampp\\htdocs...')
#7 {main}
CRITICAL - 2021-06-01 23:48:16 --> file_get_contents(http://public.api.careerjet.net/search?locale_code=&amp;keywords=indonesia&amp;location=Indonesia&amp;page=1&amp;affid=678bdee048&amp;user_ip=::1&amp;user_agent=Mozilla%2F5.0+%28Windows+NT+10.0%3B+Win64%3B+x64%29+AppleWebKit%2F537.36+%28KHTML%2C+like+Gecko%29+Chrome%2F90.0.4430.212+Safari%2F537.36): failed to open stream: An established connection was aborted by the software in your host machine.

#0 [internal function]: CodeIgniter\Debug\Exceptions->errorHandler(2, 'file_get_conten...', 'C:\\xampp\\htdocs...', 228, Array)
#1 C:\xampp\htdocs\jobsearch\app\Libraries\Careerjet_API.php(228): file_get_contents('http://public.a...', false, Resource id #125)
#2 C:\xampp\htdocs\jobsearch\app\Libraries\Careerjet_API.php(346): App\Libraries\Careerjet_API->call('search', Array)
#3 C:\xampp\htdocs\jobsearch\app\Controllers\Home.php(23): App\Libraries\Careerjet_API->search(Array)
#4 C:\xampp\htdocs\jobsearch\vendor\codeigniter4\framework\system\CodeIgniter.php(931): App\Controllers\Home->index()
#5 C:\xampp\htdocs\jobsearch\vendor\codeigniter4\framework\system\CodeIgniter.php(439): CodeIgniter\CodeIgniter->runController(Object(App\Controllers\Home))
#6 C:\xampp\htdocs\jobsearch\vendor\codeigniter4\framework\system\CodeIgniter.php(339): CodeIgniter\CodeIgniter->handleRequest(NULL, Object(Config\Cache), false)
#7 C:\xampp\htdocs\jobsearch\public\index.php(36): CodeIgniter\CodeIgniter->run()
#8 C:\xampp\htdocs\jobsearch\vendor\codeigniter4\framework\system\Commands\Server\rewrite.php(45): require_once('C:\\xampp\\htdocs...')
#9 {main}
CRITICAL - 2021-06-01 23:50:03 --> file_get_contents(http://public.api.careerjet.net/search?locale_code=&amp;keywords=indonesia&amp;location=Indonesia&amp;page=1&amp;affid=678bdee048&amp;user_ip=::1&amp;user_agent=Mozilla%2F5.0+%28Windows+NT+10.0%3B+Win64%3B+x64%29+AppleWebKit%2F537.36+%28KHTML%2C+like+Gecko%29+Chrome%2F90.0.4430.212+Safari%2F537.36): failed to open stream: A connection attempt failed because the connected party did not properly respond after a period of time, or established connection failed because connected host has failed to respond.

#0 [internal function]: CodeIgniter\Debug\Exceptions->errorHandler(2, 'file_get_conten...', 'C:\\xampp\\htdocs...', 228, Array)
#1 C:\xampp\htdocs\jobsearch\app\Libraries\Careerjet_API.php(228): file_get_contents('http://public.a...', false, Resource id #125)
#2 C:\xampp\htdocs\jobsearch\app\Libraries\Careerjet_API.php(346): App\Libraries\Careerjet_API->call('search', Array)
#3 C:\xampp\htdocs\jobsearch\app\Controllers\Home.php(23): App\Libraries\Careerjet_API->search(Array)
#4 C:\xampp\htdocs\jobsearch\vendor\codeigniter4\framework\system\CodeIgniter.php(931): App\Controllers\Home->index()
#5 C:\xampp\htdocs\jobsearch\vendor\codeigniter4\framework\system\CodeIgniter.php(439): CodeIgniter\CodeIgniter->runController(Object(App\Controllers\Home))
#6 C:\xampp\htdocs\jobsearch\vendor\codeigniter4\framework\system\CodeIgniter.php(339): CodeIgniter\CodeIgniter->handleRequest(NULL, Object(Config\Cache), false)
#7 C:\xampp\htdocs\jobsearch\public\index.php(36): CodeIgniter\CodeIgniter->run()
#8 C:\xampp\htdocs\jobsearch\vendor\codeigniter4\framework\system\Commands\Server\rewrite.php(45): require_once('C:\\xampp\\htdocs...')
#9 {main}
