CRITICAL - 2021-06-04 02:11:29 --> Invalid argument supplied for foreach()
#0 /home/nilj6381/loker/app/Views/welcome_message.php(219): CodeIgniter\Debug\Exceptions->errorHandler(2, 'Invalid argumen...', '/home/nilj6381/...', 219, Array)
#1 /home/nilj6381/loker/vendor/codeigniter4/framework/system/View/View.php(230): include('/home/nilj6381/...')
#2 /home/nilj6381/loker/vendor/codeigniter4/framework/system/View/View.php(232): CodeIgniter\View\View->CodeIgniter\View\{closure}()
#3 /home/nilj6381/loker/vendor/codeigniter4/framework/system/Common.php(1250): CodeIgniter\View\View->render('welcome_message', Array, true)
#4 /home/nilj6381/loker/app/Controllers/Home.php(62): view('welcome_message', Array)
#5 /home/nilj6381/loker/vendor/codeigniter4/framework/system/CodeIgniter.php(931): App\Controllers\Home->index()
#6 /home/nilj6381/loker/vendor/codeigniter4/framework/system/CodeIgniter.php(439): CodeIgniter\CodeIgniter->runController(Object(App\Controllers\Home))
#7 /home/nilj6381/loker/vendor/codeigniter4/framework/system/CodeIgniter.php(339): CodeIgniter\CodeIgniter->handleRequest(NULL, Object(Config\Cache), false)
#8 /home/nilj6381/public_html/index.php(36): CodeIgniter\CodeIgniter->run()
#9 {main}
CRITICAL - 2021-06-04 02:11:40 --> Invalid argument supplied for foreach()
#0 /home/nilj6381/loker/app/Views/welcome_message.php(219): CodeIgniter\Debug\Exceptions->errorHandler(2, 'Invalid argumen...', '/home/nilj6381/...', 219, Array)
#1 /home/nilj6381/loker/vendor/codeigniter4/framework/system/View/View.php(230): include('/home/nilj6381/...')
#2 /home/nilj6381/loker/vendor/codeigniter4/framework/system/View/View.php(232): CodeIgniter\View\View->CodeIgniter\View\{closure}()
#3 /home/nilj6381/loker/vendor/codeigniter4/framework/system/Common.php(1250): CodeIgniter\View\View->render('welcome_message', Array, true)
#4 /home/nilj6381/loker/app/Controllers/Home.php(62): view('welcome_message', Array)
#5 /home/nilj6381/loker/vendor/codeigniter4/framework/system/CodeIgniter.php(931): App\Controllers\Home->index()
#6 /home/nilj6381/loker/vendor/codeigniter4/framework/system/CodeIgniter.php(439): CodeIgniter\CodeIgniter->runController(Object(App\Controllers\Home))
#7 /home/nilj6381/loker/vendor/codeigniter4/framework/system/CodeIgniter.php(339): CodeIgniter\CodeIgniter->handleRequest(NULL, Object(Config\Cache), false)
#8 /home/nilj6381/public_html/index.php(36): CodeIgniter\CodeIgniter->run()
#9 {main}
CRITICAL - 2021-06-04 07:48:00 --> Invalid argument supplied for foreach()
#0 /home/nilj6381/loker/app/Views/detail.php(6): CodeIgniter\Debug\Exceptions->errorHandler(2, 'Invalid argumen...', '/home/nilj6381/...', 6, Array)
#1 /home/nilj6381/loker/vendor/codeigniter4/framework/system/View/View.php(230): include('/home/nilj6381/...')
#2 /home/nilj6381/loker/vendor/codeigniter4/framework/system/View/View.php(232): CodeIgniter\View\View->CodeIgniter\View\{closure}()
#3 /home/nilj6381/loker/vendor/codeigniter4/framework/system/Common.php(1250): CodeIgniter\View\View->render('detail', Array, true)
#4 /home/nilj6381/loker/app/Controllers/Home.php(112): view('detail', Array)
#5 /home/nilj6381/loker/vendor/codeigniter4/framework/system/CodeIgniter.php(931): App\Controllers\Home->detail()
#6 /home/nilj6381/loker/vendor/codeigniter4/framework/system/CodeIgniter.php(439): CodeIgniter\CodeIgniter->runController(Object(App\Controllers\Home))
#7 /home/nilj6381/loker/vendor/codeigniter4/framework/system/CodeIgniter.php(339): CodeIgniter\CodeIgniter->handleRequest(NULL, Object(Config\Cache), false)
#8 /home/nilj6381/public_html/index.php(36): CodeIgniter\CodeIgniter->run()
#9 {main}
CRITICAL - 2021-06-04 09:21:59 --> Class 'Home' not found
#0 /home/nilj6381/loker/vendor/codeigniter4/framework/system/CodeIgniter.php(964): CodeIgniter\CodeIgniter->createController()
#1 /home/nilj6381/loker/vendor/codeigniter4/framework/system/CodeIgniter.php(356): CodeIgniter\CodeIgniter->display404errors(Object(CodeIgniter\Exceptions\PageNotFoundException))
#2 /home/nilj6381/public_html/index.php(36): CodeIgniter\CodeIgniter->run()
#3 {main}
CRITICAL - 2021-06-04 16:00:18 --> Class 'Home' not found
#0 /home/nilj6381/loker/vendor/codeigniter4/framework/system/CodeIgniter.php(964): CodeIgniter\CodeIgniter->createController()
#1 /home/nilj6381/loker/vendor/codeigniter4/framework/system/CodeIgniter.php(356): CodeIgniter\CodeIgniter->display404errors(Object(CodeIgniter\Exceptions\PageNotFoundException))
#2 /home/nilj6381/public_html/index.php(36): CodeIgniter\CodeIgniter->run()
#3 {main}
CRITICAL - 2021-06-04 16:00:19 --> Class 'Home' not found
#0 /home/nilj6381/loker/vendor/codeigniter4/framework/system/CodeIgniter.php(964): CodeIgniter\CodeIgniter->createController()
#1 /home/nilj6381/loker/vendor/codeigniter4/framework/system/CodeIgniter.php(356): CodeIgniter\CodeIgniter->display404errors(Object(CodeIgniter\Exceptions\PageNotFoundException))
#2 /home/nilj6381/public_html/index.php(36): CodeIgniter\CodeIgniter->run()
#3 {main}
CRITICAL - 2021-06-04 16:00:21 --> Class 'Home' not found
#0 /home/nilj6381/loker/vendor/codeigniter4/framework/system/CodeIgniter.php(964): CodeIgniter\CodeIgniter->createController()
#1 /home/nilj6381/loker/vendor/codeigniter4/framework/system/CodeIgniter.php(356): CodeIgniter\CodeIgniter->display404errors(Object(CodeIgniter\Exceptions\PageNotFoundException))
#2 /home/nilj6381/public_html/index.php(36): CodeIgniter\CodeIgniter->run()
#3 {main}
CRITICAL - 2021-06-04 16:00:21 --> Class 'Home' not found
#0 /home/nilj6381/loker/vendor/codeigniter4/framework/system/CodeIgniter.php(964): CodeIgniter\CodeIgniter->createController()
#1 /home/nilj6381/loker/vendor/codeigniter4/framework/system/CodeIgniter.php(356): CodeIgniter\CodeIgniter->display404errors(Object(CodeIgniter\Exceptions\PageNotFoundException))
#2 /home/nilj6381/public_html/index.php(36): CodeIgniter\CodeIgniter->run()
#3 {main}
CRITICAL - 2021-06-04 16:00:21 --> Class 'Home' not found
#0 /home/nilj6381/loker/vendor/codeigniter4/framework/system/CodeIgniter.php(964): CodeIgniter\CodeIgniter->createController()
#1 /home/nilj6381/loker/vendor/codeigniter4/framework/system/CodeIgniter.php(356): CodeIgniter\CodeIgniter->display404errors(Object(CodeIgniter\Exceptions\PageNotFoundException))
#2 /home/nilj6381/public_html/index.php(36): CodeIgniter\CodeIgniter->run()
#3 {main}
CRITICAL - 2021-06-04 16:00:22 --> Class 'Home' not found
#0 /home/nilj6381/loker/vendor/codeigniter4/framework/system/CodeIgniter.php(964): CodeIgniter\CodeIgniter->createController()
#1 /home/nilj6381/loker/vendor/codeigniter4/framework/system/CodeIgniter.php(356): CodeIgniter\CodeIgniter->display404errors(Object(CodeIgniter\Exceptions\PageNotFoundException))
#2 /home/nilj6381/public_html/index.php(36): CodeIgniter\CodeIgniter->run()
#3 {main}
CRITICAL - 2021-06-04 16:00:23 --> Class 'Home' not found
#0 /home/nilj6381/loker/vendor/codeigniter4/framework/system/CodeIgniter.php(964): CodeIgniter\CodeIgniter->createController()
#1 /home/nilj6381/loker/vendor/codeigniter4/framework/system/CodeIgniter.php(356): CodeIgniter\CodeIgniter->display404errors(Object(CodeIgniter\Exceptions\PageNotFoundException))
#2 /home/nilj6381/public_html/index.php(36): CodeIgniter\CodeIgniter->run()
#3 {main}
CRITICAL - 2021-06-04 16:00:23 --> Class 'Home' not found
#0 /home/nilj6381/loker/vendor/codeigniter4/framework/system/CodeIgniter.php(964): CodeIgniter\CodeIgniter->createController()
#1 /home/nilj6381/loker/vendor/codeigniter4/framework/system/CodeIgniter.php(356): CodeIgniter\CodeIgniter->display404errors(Object(CodeIgniter\Exceptions\PageNotFoundException))
#2 /home/nilj6381/public_html/index.php(36): CodeIgniter\CodeIgniter->run()
#3 {main}
CRITICAL - 2021-06-04 16:00:23 --> Class 'Home' not found
#0 /home/nilj6381/loker/vendor/codeigniter4/framework/system/CodeIgniter.php(964): CodeIgniter\CodeIgniter->createController()
#1 /home/nilj6381/loker/vendor/codeigniter4/framework/system/CodeIgniter.php(356): CodeIgniter\CodeIgniter->display404errors(Object(CodeIgniter\Exceptions\PageNotFoundException))
#2 /home/nilj6381/public_html/index.php(36): CodeIgniter\CodeIgniter->run()
#3 {main}
CRITICAL - 2021-06-04 16:00:24 --> Class 'Home' not found
#0 /home/nilj6381/loker/vendor/codeigniter4/framework/system/CodeIgniter.php(964): CodeIgniter\CodeIgniter->createController()
#1 /home/nilj6381/loker/vendor/codeigniter4/framework/system/CodeIgniter.php(356): CodeIgniter\CodeIgniter->display404errors(Object(CodeIgniter\Exceptions\PageNotFoundException))
#2 /home/nilj6381/public_html/index.php(36): CodeIgniter\CodeIgniter->run()
#3 {main}
CRITICAL - 2021-06-04 16:00:24 --> Class 'Home' not found
#0 /home/nilj6381/loker/vendor/codeigniter4/framework/system/CodeIgniter.php(964): CodeIgniter\CodeIgniter->createController()
#1 /home/nilj6381/loker/vendor/codeigniter4/framework/system/CodeIgniter.php(356): CodeIgniter\CodeIgniter->display404errors(Object(CodeIgniter\Exceptions\PageNotFoundException))
#2 /home/nilj6381/public_html/index.php(36): CodeIgniter\CodeIgniter->run()
#3 {main}
CRITICAL - 2021-06-04 16:00:24 --> Class 'Home' not found
#0 /home/nilj6381/loker/vendor/codeigniter4/framework/system/CodeIgniter.php(964): CodeIgniter\CodeIgniter->createController()
#1 /home/nilj6381/loker/vendor/codeigniter4/framework/system/CodeIgniter.php(356): CodeIgniter\CodeIgniter->display404errors(Object(CodeIgniter\Exceptions\PageNotFoundException))
#2 /home/nilj6381/public_html/index.php(36): CodeIgniter\CodeIgniter->run()
#3 {main}
CRITICAL - 2021-06-04 16:00:25 --> Class 'Home' not found
#0 /home/nilj6381/loker/vendor/codeigniter4/framework/system/CodeIgniter.php(964): CodeIgniter\CodeIgniter->createController()
#1 /home/nilj6381/loker/vendor/codeigniter4/framework/system/CodeIgniter.php(356): CodeIgniter\CodeIgniter->display404errors(Object(CodeIgniter\Exceptions\PageNotFoundException))
#2 /home/nilj6381/public_html/index.php(36): CodeIgniter\CodeIgniter->run()
#3 {main}
CRITICAL - 2021-06-04 16:00:25 --> Class 'Home' not found
#0 /home/nilj6381/loker/vendor/codeigniter4/framework/system/CodeIgniter.php(964): CodeIgniter\CodeIgniter->createController()
#1 /home/nilj6381/loker/vendor/codeigniter4/framework/system/CodeIgniter.php(356): CodeIgniter\CodeIgniter->display404errors(Object(CodeIgniter\Exceptions\PageNotFoundException))
#2 /home/nilj6381/public_html/index.php(36): CodeIgniter\CodeIgniter->run()
#3 {main}
CRITICAL - 2021-06-04 16:00:26 --> Class 'Home' not found
#0 /home/nilj6381/loker/vendor/codeigniter4/framework/system/CodeIgniter.php(964): CodeIgniter\CodeIgniter->createController()
#1 /home/nilj6381/loker/vendor/codeigniter4/framework/system/CodeIgniter.php(356): CodeIgniter\CodeIgniter->display404errors(Object(CodeIgniter\Exceptions\PageNotFoundException))
#2 /home/nilj6381/public_html/index.php(36): CodeIgniter\CodeIgniter->run()
#3 {main}
CRITICAL - 2021-06-04 16:00:26 --> Class 'Home' not found
#0 /home/nilj6381/loker/vendor/codeigniter4/framework/system/CodeIgniter.php(964): CodeIgniter\CodeIgniter->createController()
#1 /home/nilj6381/loker/vendor/codeigniter4/framework/system/CodeIgniter.php(356): CodeIgniter\CodeIgniter->display404errors(Object(CodeIgniter\Exceptions\PageNotFoundException))
#2 /home/nilj6381/public_html/index.php(36): CodeIgniter\CodeIgniter->run()
#3 {main}
CRITICAL - 2021-06-04 16:00:27 --> Class 'Home' not found
#0 /home/nilj6381/loker/vendor/codeigniter4/framework/system/CodeIgniter.php(964): CodeIgniter\CodeIgniter->createController()
#1 /home/nilj6381/loker/vendor/codeigniter4/framework/system/CodeIgniter.php(356): CodeIgniter\CodeIgniter->display404errors(Object(CodeIgniter\Exceptions\PageNotFoundException))
#2 /home/nilj6381/public_html/index.php(36): CodeIgniter\CodeIgniter->run()
#3 {main}
CRITICAL - 2021-06-04 16:00:27 --> Class 'Home' not found
#0 /home/nilj6381/loker/vendor/codeigniter4/framework/system/CodeIgniter.php(964): CodeIgniter\CodeIgniter->createController()
#1 /home/nilj6381/loker/vendor/codeigniter4/framework/system/CodeIgniter.php(356): CodeIgniter\CodeIgniter->display404errors(Object(CodeIgniter\Exceptions\PageNotFoundException))
#2 /home/nilj6381/public_html/index.php(36): CodeIgniter\CodeIgniter->run()
#3 {main}
CRITICAL - 2021-06-04 17:34:35 --> Class 'Home' not found
#0 /home/nilj6381/loker/vendor/codeigniter4/framework/system/CodeIgniter.php(964): CodeIgniter\CodeIgniter->createController()
#1 /home/nilj6381/loker/vendor/codeigniter4/framework/system/CodeIgniter.php(356): CodeIgniter\CodeIgniter->display404errors(Object(CodeIgniter\Exceptions\PageNotFoundException))
#2 /home/nilj6381/public_html/index.php(36): CodeIgniter\CodeIgniter->run()
#3 {main}
CRITICAL - 2021-06-04 17:34:35 --> Class 'Home' not found
#0 /home/nilj6381/loker/vendor/codeigniter4/framework/system/CodeIgniter.php(964): CodeIgniter\CodeIgniter->createController()
#1 /home/nilj6381/loker/vendor/codeigniter4/framework/system/CodeIgniter.php(356): CodeIgniter\CodeIgniter->display404errors(Object(CodeIgniter\Exceptions\PageNotFoundException))
#2 /home/nilj6381/public_html/index.php(36): CodeIgniter\CodeIgniter->run()
#3 {main}
CRITICAL - 2021-06-04 17:34:35 --> Class 'Home' not found
#0 /home/nilj6381/loker/vendor/codeigniter4/framework/system/CodeIgniter.php(964): CodeIgniter\CodeIgniter->createController()
#1 /home/nilj6381/loker/vendor/codeigniter4/framework/system/CodeIgniter.php(356): CodeIgniter\CodeIgniter->display404errors(Object(CodeIgniter\Exceptions\PageNotFoundException))
#2 /home/nilj6381/public_html/index.php(36): CodeIgniter\CodeIgniter->run()
#3 {main}
CRITICAL - 2021-06-04 17:34:35 --> Class 'Home' not found
#0 /home/nilj6381/loker/vendor/codeigniter4/framework/system/CodeIgniter.php(964): CodeIgniter\CodeIgniter->createController()
#1 /home/nilj6381/loker/vendor/codeigniter4/framework/system/CodeIgniter.php(356): CodeIgniter\CodeIgniter->display404errors(Object(CodeIgniter\Exceptions\PageNotFoundException))
#2 /home/nilj6381/public_html/index.php(36): CodeIgniter\CodeIgniter->run()
#3 {main}
CRITICAL - 2021-06-04 17:34:35 --> Class 'Home' not found
#0 /home/nilj6381/loker/vendor/codeigniter4/framework/system/CodeIgniter.php(964): CodeIgniter\CodeIgniter->createController()
#1 /home/nilj6381/loker/vendor/codeigniter4/framework/system/CodeIgniter.php(356): CodeIgniter\CodeIgniter->display404errors(Object(CodeIgniter\Exceptions\PageNotFoundException))
#2 /home/nilj6381/public_html/index.php(36): CodeIgniter\CodeIgniter->run()
#3 {main}
CRITICAL - 2021-06-04 17:34:35 --> Class 'Home' not found
#0 /home/nilj6381/loker/vendor/codeigniter4/framework/system/CodeIgniter.php(964): CodeIgniter\CodeIgniter->createController()
#1 /home/nilj6381/loker/vendor/codeigniter4/framework/system/CodeIgniter.php(356): CodeIgniter\CodeIgniter->display404errors(Object(CodeIgniter\Exceptions\PageNotFoundException))
#2 /home/nilj6381/public_html/index.php(36): CodeIgniter\CodeIgniter->run()
#3 {main}
CRITICAL - 2021-06-04 17:34:35 --> Class 'Home' not found
#0 /home/nilj6381/loker/vendor/codeigniter4/framework/system/CodeIgniter.php(964): CodeIgniter\CodeIgniter->createController()
#1 /home/nilj6381/loker/vendor/codeigniter4/framework/system/CodeIgniter.php(356): CodeIgniter\CodeIgniter->display404errors(Object(CodeIgniter\Exceptions\PageNotFoundException))
#2 /home/nilj6381/public_html/index.php(36): CodeIgniter\CodeIgniter->run()
#3 {main}
CRITICAL - 2021-06-04 17:34:36 --> Class 'Home' not found
#0 /home/nilj6381/loker/vendor/codeigniter4/framework/system/CodeIgniter.php(964): CodeIgniter\CodeIgniter->createController()
#1 /home/nilj6381/loker/vendor/codeigniter4/framework/system/CodeIgniter.php(356): CodeIgniter\CodeIgniter->display404errors(Object(CodeIgniter\Exceptions\PageNotFoundException))
#2 /home/nilj6381/public_html/index.php(36): CodeIgniter\CodeIgniter->run()
#3 {main}
CRITICAL - 2021-06-04 17:45:36 --> Invalid argument supplied for foreach()
#0 /home/nilj6381/loker/app/Views/welcome_message.php(219): CodeIgniter\Debug\Exceptions->errorHandler(2, 'Invalid argumen...', '/home/nilj6381/...', 219, Array)
#1 /home/nilj6381/loker/vendor/codeigniter4/framework/system/View/View.php(230): include('/home/nilj6381/...')
#2 /home/nilj6381/loker/vendor/codeigniter4/framework/system/View/View.php(232): CodeIgniter\View\View->CodeIgniter\View\{closure}()
#3 /home/nilj6381/loker/vendor/codeigniter4/framework/system/Common.php(1250): CodeIgniter\View\View->render('welcome_message', Array, true)
#4 /home/nilj6381/loker/app/Controllers/Home.php(62): view('welcome_message', Array)
#5 /home/nilj6381/loker/vendor/codeigniter4/framework/system/CodeIgniter.php(931): App\Controllers\Home->index()
#6 /home/nilj6381/loker/vendor/codeigniter4/framework/system/CodeIgniter.php(439): CodeIgniter\CodeIgniter->runController(Object(App\Controllers\Home))
#7 /home/nilj6381/loker/vendor/codeigniter4/framework/system/CodeIgniter.php(339): CodeIgniter\CodeIgniter->handleRequest(NULL, Object(Config\Cache), false)
#8 /home/nilj6381/public_html/index.php(36): CodeIgniter\CodeIgniter->run()
#9 {main}
